<?xml version="1.0" encoding="UTF-8"?>
<!-- Generated by org.testng.reporters.JUnitReportReporter -->
<testsuite hostname="AH-Koustubh-Pisal" failures="0" tests="1" name="Test_Cases.data_driver" time="0.799" errors="0" timestamp="2024-12-31T15:27:43 IST" skipped="0">
  <testcase classname="Test_Cases.data_driver" name="getCellData" time="0.799"/>
</testsuite> <!-- Test_Cases.data_driver -->
