<?xml version="1.0" encoding="UTF-8"?>
<!-- Generated by org.testng.reporters.JUnitReportReporter -->
<testsuite hostname="AH-Koustubh-Pisal" failures="0" tests="1" name="Test_Cases.Test002_ChangePassword" time="5.262" errors="0" timestamp="2025-01-02T14:10:09 IST" skipped="0">
  <testcase classname="Test_Cases.Test002_ChangePassword" name="ConfirmationMessage" time="5.262"/>
</testsuite> <!-- Test_Cases.Test002_ChangePassword -->
